<component name="libraryTable">
  <library name="junit-4.8.1">
    <CLASSES>
      <root url="jar://F:/微信文档/WeChat Files/lbw666_666/Files/架包/junit-4.8.1.jar!/" />
    </CLASSES>
    <JAVADOC />
    <SOURCES />
  </library>
</component>